WARNING:root:somebody want to choose a letter!
INFO:root:User Add
ERROR:root:File Not Found Error!!!
INFO:root:User Add
CRITICAL:root:File Not Found Error!!!
INFO:root:Search
INFO:root:User Add
INFO:root:User AddINFO:root:User Add
INFO:root:User Add
INFO:root:User Add
INFO:root:User Add
INFO:root:Get All!
INFO:root:User Add
INFO:root:User Add
INFO:root:User Add
INFO:root:User Add
INFO:root:User Add
INFO:root:User Add
INFO:root:Update!
INFO:root:Update!
INFO:root:Update!
WARNING:root:User is not using the numbers for the search option.
INFO:root:Update!
WARNING:root:User is not using the numbers for the search option.
